界面传给引擎的ucci指令: rnbakabnr/9/1c5c1/p1p1p1p1p/9/9/P1P1P1P1P/1C5C1/9/RNBAKABNR w - - 0 1||0 Depth: 1 Time: 1ms 
Depth: 2 Time: 11ms 
Bestmove's value: 11067
Total node: 2025
Beta node: 16
Hash hit: 0
=========================================
界面传给引擎的ucci指令: rnbakabnr/9/1c5c1/p1p1p1p1p/9/9/P1P1P1P1P/1C5C1/9/RNBAKABNR w - - 0 1||0 Depth: 1 Time: 0ms 
Depth: 2 Time: 11ms 
Bestmove's value: 11067
Total node: 2025
Beta node: 16
Hash hit: 0
=========================================
界面传给引擎的ucci指令: rnbakabnr/9/1c5c1/p1p1p1p1p/9/9/P1P1P1P1P/1C5C1/9/RNBAKABNR w - - 0 1||0 Depth: 1 Time: 1ms 
Depth: 2 Time: 12ms 
Bestmove's value: 11067
Total node: 2025
Beta node: 16
Hash hit: 0
=========================================
界面传给引擎的ucci指令: rnbakabnr/9/1c5c1/p1p1p1p1p/9/9/P1P1P1P1P/1C5C1/9/RNBAKABNR w - - 0 1||0 Depth: 1 Time: 1ms 
Depth: 2 Time: 11ms 
Bestmove's value: 11067
Total node: 2025
Beta node: 16
Hash hit: 0
=========================================
界面传给引擎的ucci指令: rnbakabnr/9/1c5c1/p1p1p1p1p/9/9/P1P1P1P1P/1C5C1/9/RNBAKABNR w - - 0 1||0 Depth: 1 Time: 1ms 
Bestmove's value: 11952
Total node: 44
Beta node: 0
Hash hit: 0
=========================================
界面传给引擎的ucci指令: rnbakabnr/9/1c5c1/p1p1p1p1p/9/9/P1P1P1P1P/1C5C1/9/RNBAKABNR w - - 0 1||0 Depth: 1 Time: 1ms 
Bestmove's value: 11952
Total node: 44
Beta node: 0
Hash hit: 0
=========================================
